<?xml version="1.0" encoding="UTF-8"?>
<!-- Generated by org.testng.reporters.JUnitReportReporter -->
<testsuite skipped="0" hostname="Lenovo" name="com.app.test.TestOrder" tests="1" failures="0" timestamp="02 Feb 2020 06:57:09 GMT" time="57.760" errors="0">
  <testcase name="testOrderTshirts" time="57.760" classname="com.app.test.TestOrder"/>
</testsuite> <!-- com.app.test.TestOrder -->
