<?xml version="1.0" encoding="UTF-8"?>
<!-- Generated by org.testng.reporters.JUnitReportReporter -->
<testsuite skipped="0" hostname="Lenovo" name="com.app.data.DataUtils" tests="1" failures="0" timestamp="02 Feb 2020 06:48:52 GMT" time="0.033" errors="0">
  <testcase name="ss" time="0.033" classname="com.app.data.DataUtils"/>
</testsuite> <!-- com.app.data.DataUtils -->
