<?xml version="1.0" encoding="UTF-8"?>
<!-- Generated by org.testng.reporters.JUnitReportReporter -->
<testsuite skipped="0" hostname="Lenovo" name="com.app.test.PersonInfo" tests="1" failures="0" timestamp="02 Feb 2020 06:57:09 GMT" time="25.272" errors="0">
  <testcase name="testPersonalInfoModification" time="25.272" classname="com.app.test.PersonInfo"/>
</testsuite> <!-- com.app.test.PersonInfo -->
